Flow report for Pong
Tue Jun 01 12:09:47 2021
Quartus II 64-Bit Version 13.1.0 Build 162 10/23/2013 SJ Web Edition


---------------------
; Table of Contents ;
---------------------
  1. Legal Notice
  2. Flow Summary
  3. Flow Settings
  4. Flow Non-Default Global Settings
  5. Flow Elapsed Time
  6. Flow OS Summary
  7. Flow Log
  8. Flow Messages
  9. Flow Suppressed Messages



----------------
; Legal Notice ;
----------------
Copyright (C) 1991-2013 Altera Corporation
Your use of Altera Corporation's design tools, logic functions 
and other software and tools, and its AMPP partner logic 
functions, and any output files from any of the foregoing 
(including device programming or simulation files), and any 
associated documentation or information are expressly subject 
to the terms and conditions of the Altera Program License 
Subscription Agreement, Altera MegaCore Function License 
Agreement, or other applicable license agreement, including, 
without limitation, that your use is for the sole purpose of 
programming logic devices manufactured by Altera and sold by 
Altera or its authorized distributors.  Please refer to the 
applicable agreement for further details.



+---------------------------------------------------------------------------------+
; Flow Summary                                                                    ;
+------------------------------------+--------------------------------------------+
; Flow Status                        ; Successful - Tue Jun 01 12:09:36 2021      ;
; Quartus II 64-Bit Version          ; 13.1.0 Build 162 10/23/2013 SJ Web Edition ;
; Revision Name                      ; Pong                                       ;
; Top-level Entity Name              ; Project10_Pong_Top                         ;
; Family                             ; Cyclone III                                ;
; Device                             ; EP3C16F484C6                               ;
; Timing Models                      ; Final                                      ;
; Total logic elements               ; 1,044 / 15,408 ( 7 % )                     ;
;     Total combinational functions  ; 1,029 / 15,408 ( 7 % )                     ;
;     Dedicated logic registers      ; 356 / 15,408 ( 2 % )                       ;
; Total registers                    ; 356                                        ;
; Total pins                         ; 36 / 347 ( 10 % )                          ;
; Total virtual pins                 ; 0                                          ;
; Total memory bits                  ; 0 / 516,096 ( 0 % )                        ;
; Embedded Multiplier 9-bit elements ; 0 / 112 ( 0 % )                            ;
; Total PLLs                         ; 0 / 4 ( 0 % )                              ;
+------------------------------------+--------------------------------------------+


+-----------------------------------------+
; Flow Settings                           ;
+-------------------+---------------------+
; Option            ; Setting             ;
+-------------------+---------------------+
; Start date & time ; 06/01/2021 12:08:39 ;
; Main task         ; Compilation         ;
; Revision Name     ; Pong                ;
+-------------------+---------------------+


+------------------------------------------------------------------------------------------------------------------------+
; Flow Non-Default Global Settings                                                                                       ;
+-------------------------------------+--------------------------------+---------------+--------------------+------------+
; Assignment Name                     ; Value                          ; Default Value ; Entity Name        ; Section Id ;
+-------------------------------------+--------------------------------+---------------+--------------------+------------+
; COMPILER_SIGNATURE_ID               ; 79965014454742.162256731903396 ; --            ; --                 ; --         ;
; MAX_CORE_JUNCTION_TEMP              ; 85                             ; --            ; --                 ; --         ;
; MIN_CORE_JUNCTION_TEMP              ; 0                              ; --            ; --                 ; --         ;
; OUTPUT_IO_TIMING_FAR_END_VMEAS      ; Half Signal Swing              ; --            ; --                 ; --         ;
; OUTPUT_IO_TIMING_FAR_END_VMEAS      ; Half Signal Swing              ; --            ; --                 ; --         ;
; OUTPUT_IO_TIMING_NEAR_END_VMEAS     ; Half Vccio                     ; --            ; --                 ; --         ;
; OUTPUT_IO_TIMING_NEAR_END_VMEAS     ; Half Vccio                     ; --            ; --                 ; --         ;
; PARTITION_COLOR                     ; 16764057                       ; --            ; Project10_Pong_Top ; Top        ;
; PARTITION_FITTER_PRESERVATION_LEVEL ; PLACEMENT_AND_ROUTING          ; --            ; Project10_Pong_Top ; Top        ;
; PARTITION_NETLIST_TYPE              ; SOURCE                         ; --            ; Project10_Pong_Top ; Top        ;
; TOP_LEVEL_ENTITY                    ; Project10_Pong_Top             ; Pong          ; --                 ; --         ;
+-------------------------------------+--------------------------------+---------------+--------------------+------------+


+-------------------------------------------------------------------------------------------------------------------------------+
; Flow Elapsed Time                                                                                                             ;
+---------------------------+--------------+-------------------------+---------------------+------------------------------------+
; Module Name               ; Elapsed Time ; Average Processors Used ; Peak Virtual Memory ; Total CPU Time (on all processors) ;
+---------------------------+--------------+-------------------------+---------------------+------------------------------------+
; Analysis & Synthesis      ; 00:00:17     ; 1.0                     ; 4674 MB             ; 00:00:12                           ;
; Fitter                    ; 00:00:27     ; 1.3                     ; 5171 MB             ; 00:00:24                           ;
; Assembler                 ; 00:00:03     ; 1.0                     ; 4596 MB             ; 00:00:03                           ;
; TimeQuest Timing Analyzer ; 00:00:07     ; 1.0                     ; 4660 MB             ; 00:00:05                           ;
; Total                     ; 00:00:54     ; --                      ; --                  ; 00:00:44                           ;
+---------------------------+--------------+-------------------------+---------------------+------------------------------------+


+----------------------------------------------------------------------------------------+
; Flow OS Summary                                                                        ;
+---------------------------+------------------+-----------+------------+----------------+
; Module Name               ; Machine Hostname ; OS Name   ; OS Version ; Processor type ;
+---------------------------+------------------+-----------+------------+----------------+
; Analysis & Synthesis      ; DESKTOP-DKAMTGJ  ; Windows 7 ; 6.2        ; x86_64         ;
; Fitter                    ; DESKTOP-DKAMTGJ  ; Windows 7 ; 6.2        ; x86_64         ;
; Assembler                 ; DESKTOP-DKAMTGJ  ; Windows 7 ; 6.2        ; x86_64         ;
; TimeQuest Timing Analyzer ; DESKTOP-DKAMTGJ  ; Windows 7 ; 6.2        ; x86_64         ;
+---------------------------+------------------+-----------+------------+----------------+


------------
; Flow Log ;
------------
quartus_map --read_settings_files=on --write_settings_files=off Pong -c Pong
quartus_fit --read_settings_files=off --write_settings_files=off Pong -c Pong
quartus_asm --read_settings_files=off --write_settings_files=off Pong -c Pong
quartus_sta Pong -c Pong



